<?xml version="1.0" encoding="UTF-8"?>
<!-- Generated by org.testng.reporters.JUnitReportReporter -->
<testsuite hostname="DESKTOP-V2JI160" failures="0" tests="2" name="whistle.WhistleTest" time="223.001" errors="0" timestamp="2021-09-28T17:26:28 IST" skipped="0">
  <testcase classname="whistle.WhistleTest" name="verifyRemoveMember" time="122.136"/>
  <system-out>
    <![CDATA[<a href='C:\Users\lhf\Desktop\AutomationPOC\Extent Reports\Passed Screenshots\verifyRemoveMember.png'><img src ='C:\Users\lhf\Desktop\AutomationPOC\Extent Reports\Passed Screenshots\verifyRemoveMember.png' width='200' height='200'></a>]]>
  </system-out>
  <testcase classname="whistle.WhistleTest" name="verifyHelp" time="100.865"/>
  <system-out>
    <![CDATA[<a href='C:\Users\lhf\Desktop\AutomationPOC\Extent Reports\Passed Screenshots\verifyHelp.png'><img src ='C:\Users\lhf\Desktop\AutomationPOC\Extent Reports\Passed Screenshots\verifyHelp.png' width='200' height='200'></a>]]>
  </system-out>
</testsuite> <!-- whistle.WhistleTest -->
