<?xml version="1.0" encoding="UTF-8"?>
<!-- Generated by org.testng.reporters.JUnitReportReporter -->
<testsuite hostname="LAPTOP-NA2LMEKS" failures="0" tests="1" name="test.AppTests" time="23.809" errors="0" timestamp="2022-07-03T11:14:16 IST" skipped="0">
  <testcase classname="test.AppTests" name="verifyPictures" time="23.809"/>
  <system-out/>
</testsuite> <!-- test.AppTests -->
