<?xml version="1.0" encoding="UTF-8"?>
<!-- Generated by org.testng.reporters.JUnitReportReporter -->
<testsuite hostname="LAPTOP-NA2LMEKS" failures="0" tests="1" name="test.Tests" time="22.890" errors="0" timestamp="2022-06-28T00:11:53 IST" skipped="0">
  <testcase classname="test.Tests" name="verifyPictures" time="22.890"/>
  <system-out/>
</testsuite> <!-- test.Tests -->
