<?xml version="1.0" encoding="UTF-8"?>
<!-- Generated by org.testng.reporters.JUnitReportReporter -->
<testsuite hostname="Earth" failures="0" tests="1" name="com.web.app.tests.Get_privacy_policy_text_from_webapps_jsoup" time="4.808" errors="0" timestamp="2023-05-04T07:06:10 GMT-05:00" skipped="0">
  <testcase classname="com.web.app.tests.Get_privacy_policy_text_from_webapps_jsoup" name="Get_Privacy_PolicyText_From_WebApps" time="4.808"/>
  <system-out/>
</testsuite> <!-- com.web.app.tests.Get_privacy_policy_text_from_webapps_jsoup -->
