<?xml version="1.0" encoding="UTF-8"?>
<!-- Generated by org.testng.reporters.JUnitReportReporter -->
<testsuite hostname="Bhausaheb_Kharade" failures="0" tests="1" name="com.web.app.tests.Android_Gmail_Web_Login_Test" time="17.309" errors="0" timestamp="2023-04-26T21:14:25 IST" skipped="0">
  <testcase classname="com.web.app.tests.Android_Gmail_Web_Login_Test" name="Get_Privacy_Policy_Text_From_WebApps" time="17.309"/>
  <system-out/>
</testsuite> <!-- com.web.app.tests.Android_Gmail_Web_Login_Test -->
