<?xml version="1.0" encoding="UTF-8"?>
<!-- Generated by org.testng.reporters.JUnitReportReporter -->
<testsuite hostname="LAPTOP-NA2LMEKS" name="audioTest.ScreenAudioTests" tests="2" failures="0" timestamp="2 May 2023 14:20:15 GMT" time="49.931" errors="0">
  <testcase name="verifyPictures" time="14.156" classname="audioTest.ScreenAudioTests"/>
  <testcase name="testAudioCapture" time="35.775" classname="audioTest.ScreenAudioTests"/>
</testsuite> <!-- audioTest.ScreenAudioTests -->
