<?xml version="1.0" encoding="UTF-8"?>
<!-- Generated by org.testng.reporters.JUnitReportReporter -->
<testsuite hostname="LAPTOP-NA2LMEKS" name="screenTest.AppTests" tests="1" failures="0" timestamp="8 Sep 2022 08:05:54 GMT" time="23.548" errors="0">
  <testcase name="verifyPictures" time="23.548" classname="screenTest.AppTests"/>
</testsuite> <!-- screenTest.AppTests -->
