<?xml version="1.0" encoding="UTF-8"?>
<!-- Generated by org.testng.reporters.JUnitReportReporter -->
<testsuite hostname="LAPTOP-NA2LMEKS" name="screenTest.AppTests2" tests="1" failures="0" timestamp="8 Sep 2022 07:43:16 GMT" time="32.014" errors="0">
  <testcase name="verifyPictures" time="32.014" classname="screenTest.AppTests2"/>
</testsuite> <!-- screenTest.AppTests2 -->
